----- ERROR -----
Date: 2026-04-03T12:45:42.206402700
Message: AutoLogin failed for saved email: nerea@g.c
java.io.IOException: getAllMedia failed: 401
	at montoya.mediapollingcomponent.apiclient.ApiClient.getAllMedia(ApiClient.java:118)
	at montoya.mediapollingcomponent.MediaPollingComponent.getAllMedia(MediaPollingComponent.java:147)
	at montoya.mediabox.panels.Login.autoLogin(Login.java:210)
	at montoya.mediabox.MainFrame.initNavigation(MainFrame.java:153)
	at montoya.mediabox.MainFrame.<init>(MainFrame.java:78)
	at montoya.mediabox.MainFrame.lambda$main$0(MainFrame.java:417)
	at java.desktop/java.awt.event.InvocationEvent.dispatch(InvocationEvent.java:318)
	at java.desktop/java.awt.EventQueue.dispatchEventImpl(EventQueue.java:723)
	at java.desktop/java.awt.EventQueue.dispatchEvent(EventQueue.java:702)
	at java.desktop/java.awt.EventDispatchThread.pumpOneEventForFilters(EventDispatchThread.java:203)
	at java.desktop/java.awt.EventDispatchThread.pumpEventsForFilter(EventDispatchThread.java:124)
	at java.desktop/java.awt.EventDispatchThread.pumpEventsForHierarchy(EventDispatchThread.java:113)
	at java.desktop/java.awt.EventDispatchThread.pumpEvents(EventDispatchThread.java:109)
	at java.desktop/java.awt.EventDispatchThread.pumpEvents(EventDispatchThread.java:101)
	at java.desktop/java.awt.EventDispatchThread.run(EventDispatchThread.java:90)

----- ERROR -----
Date: 2026-04-03T12:45:42.328680100
Message: Cannot fetch network files: token or API URL is missing
java.lang.IllegalStateException: Token or API URL missing
	at montoya.mediabox.controller.FileManager.getNetworkFiles(FileManager.java:119)
	at montoya.mediabox.panels.InfoMedia.updateTableData(InfoMedia.java:183)
	at montoya.mediabox.panels.InfoMedia$2.valueChanged(InfoMedia.java:165)
	at java.desktop/javax.swing.JList.fireSelectionValueChanged(JList.java:1831)
	at java.desktop/javax.swing.JList$ListSelectionHandler.valueChanged(JList.java:1845)
	at java.desktop/javax.swing.DefaultListSelectionModel.fireValueChanged(DefaultListSelectionModel.java:231)
	at java.desktop/javax.swing.DefaultListSelectionModel.fireValueChanged(DefaultListSelectionModel.java:206)
	at java.desktop/javax.swing.DefaultListSelectionModel.fireValueChanged(DefaultListSelectionModel.java:258)
	at java.desktop/javax.swing.DefaultListSelectionModel.changeSelection(DefaultListSelectionModel.java:459)
	at java.desktop/javax.swing.DefaultListSelectionModel.changeSelection(DefaultListSelectionModel.java:469)
	at java.desktop/javax.swing.DefaultListSelectionModel.setSelectionInterval(DefaultListSelectionModel.java:513)
	at java.desktop/javax.swing.JList.setSelectedIndex(JList.java:2232)
	at montoya.mediabox.panels.InfoMedia$1.run(InfoMedia.java:96)
	at java.desktop/java.awt.event.InvocationEvent.dispatch(InvocationEvent.java:318)
	at java.desktop/java.awt.EventQueue.dispatchEventImpl(EventQueue.java:723)
	at java.desktop/java.awt.EventQueue.dispatchEvent(EventQueue.java:702)
	at java.desktop/java.awt.EventDispatchThread.pumpOneEventForFilters(EventDispatchThread.java:203)
	at java.desktop/java.awt.EventDispatchThread.pumpEventsForFilter(EventDispatchThread.java:124)
	at java.desktop/java.awt.EventDispatchThread.pumpEventsForHierarchy(EventDispatchThread.java:113)
	at java.desktop/java.awt.EventDispatchThread.pumpEvents(EventDispatchThread.java:109)
	at java.desktop/java.awt.EventDispatchThread.pumpEvents(EventDispatchThread.java:101)
	at java.desktop/java.awt.EventDispatchThread.run(EventDispatchThread.java:90)

----- ERROR -----
Date: 2026-04-03T12:45:53.365382400
Message: Token saved successfully at: C:\Users\Nerea\AppData\Local\MediaBox\token.json

